2020-01-01T15:21:39-08:00 WARN (4): Error output from ImageMagick:
convert: no decode delegate for this image format `' @ error/constitute.c/ReadImage/504.
convert: no images defined `/tmp/fullsize_8d59d748b0aad2d299e42ceb5092d9c6.jpg' @ error/convert.c/ConvertImageCommand/3258.

2020-01-01T15:21:39-08:00 ERR (3): ImageMagick failed with status code 1.
2020-01-01T15:21:39-08:00 WARN (4): Error output from ImageMagick:
convert: no decode delegate for this image format `' @ error/constitute.c/ReadImage/504.
convert: no images defined `/tmp/fullsize_2c5b50f817fee00e2d9a1f69ac21dc62.jpg' @ error/convert.c/ConvertImageCommand/3258.

2020-01-01T15:21:39-08:00 ERR (3): ImageMagick failed with status code 1.
2020-01-01T15:21:40-08:00 WARN (4): Error output from ImageMagick:
convert: no decode delegate for this image format `' @ error/constitute.c/ReadImage/504.
convert: no images defined `/tmp/fullsize_636441efdacfa18d4d87825b80de0f28.jpg' @ error/convert.c/ConvertImageCommand/3258.

2020-01-01T15:21:40-08:00 ERR (3): ImageMagick failed with status code 1.
2020-01-01T15:21:40-08:00 WARN (4): Error output from ImageMagick:
convert: no decode delegate for this image format `' @ error/constitute.c/ReadImage/504.
convert: no images defined `/tmp/fullsize_81075c540bdc22400bb0eff7ba001a6b.jpg' @ error/convert.c/ConvertImageCommand/3258.

2020-01-01T15:21:40-08:00 ERR (3): ImageMagick failed with status code 1.
2020-01-01T15:21:41-08:00 WARN (4): Error output from ImageMagick:
convert: no decode delegate for this image format `' @ error/constitute.c/ReadImage/504.
convert: no images defined `/tmp/fullsize_883c74242c23667c4732a9521d109f75.jpg' @ error/convert.c/ConvertImageCommand/3258.

2020-01-01T15:21:41-08:00 ERR (3): ImageMagick failed with status code 1.
2020-01-01T15:21:41-08:00 WARN (4): Error output from ImageMagick:
convert: no decode delegate for this image format `' @ error/constitute.c/ReadImage/504.
convert: no images defined `/tmp/fullsize_5a29be5650d064b5834acd85df4f4a29.jpg' @ error/convert.c/ConvertImageCommand/3258.

2020-01-01T15:21:41-08:00 ERR (3): ImageMagick failed with status code 1.
2020-01-01T15:21:41-08:00 WARN (4): Error output from ImageMagick:
convert: no decode delegate for this image format `' @ error/constitute.c/ReadImage/504.
convert: no images defined `/tmp/fullsize_214d8ae35a54ae75f0e9639fe265dae3.jpg' @ error/convert.c/ConvertImageCommand/3258.

2020-01-01T15:21:41-08:00 ERR (3): ImageMagick failed with status code 1.
2020-01-01T15:21:42-08:00 WARN (4): Error output from ImageMagick:
convert: no decode delegate for this image format `' @ error/constitute.c/ReadImage/504.
convert: no images defined `/tmp/fullsize_6034cb27d06d4ce938a029fbcfa59e42.jpg' @ error/convert.c/ConvertImageCommand/3258.

2020-01-01T15:21:42-08:00 ERR (3): ImageMagick failed with status code 1.
2020-01-01T15:21:42-08:00 WARN (4): Error output from ImageMagick:
convert: no decode delegate for this image format `' @ error/constitute.c/ReadImage/504.
convert: no images defined `/tmp/fullsize_1451f2dd57fd70ce2a75d669c3a75381.jpg' @ error/convert.c/ConvertImageCommand/3258.

2020-01-01T15:21:42-08:00 ERR (3): ImageMagick failed with status code 1.
2020-01-01T15:21:43-08:00 WARN (4): Error output from ImageMagick:
convert: no decode delegate for this image format `' @ error/constitute.c/ReadImage/504.
convert: no images defined `/tmp/fullsize_153cd2237355737300aada8a6b7f58bc.jpg' @ error/convert.c/ConvertImageCommand/3258.

2020-01-01T15:21:43-08:00 ERR (3): ImageMagick failed with status code 1.
2020-01-01T15:21:43-08:00 WARN (4): Error output from ImageMagick:
convert: no decode delegate for this image format `' @ error/constitute.c/ReadImage/504.
convert: no images defined `/tmp/fullsize_e9ee08dfa41de4327d4f6bbdc4a37382.jpg' @ error/convert.c/ConvertImageCommand/3258.

2020-01-01T15:21:43-08:00 ERR (3): ImageMagick failed with status code 1.
2020-01-01T15:21:44-08:00 WARN (4): Error output from ImageMagick:
convert: no decode delegate for this image format `' @ error/constitute.c/ReadImage/504.
convert: no images defined `/tmp/fullsize_f0ffb88cd46c7ae8524d19ae2cb52091.jpg' @ error/convert.c/ConvertImageCommand/3258.

2020-01-01T15:21:44-08:00 ERR (3): ImageMagick failed with status code 1.
2020-01-01T15:21:44-08:00 WARN (4): Error output from ImageMagick:
convert: no decode delegate for this image format `' @ error/constitute.c/ReadImage/504.
convert: no images defined `/tmp/fullsize_f0db89f94cd48f7d56ad829447b66204.jpg' @ error/convert.c/ConvertImageCommand/3258.

2020-01-01T15:21:44-08:00 ERR (3): ImageMagick failed with status code 1.
2020-01-01T15:21:44-08:00 WARN (4): Error output from ImageMagick:
convert: no decode delegate for this image format `' @ error/constitute.c/ReadImage/504.
convert: no images defined `/tmp/fullsize_2b3bc4b19ce6d4ded5a9aa7c19df4012.jpg' @ error/convert.c/ConvertImageCommand/3258.

2020-01-01T15:21:44-08:00 ERR (3): ImageMagick failed with status code 1.
2020-01-01T15:21:45-08:00 WARN (4): Error output from ImageMagick:
convert: no decode delegate for this image format `' @ error/constitute.c/ReadImage/504.
convert: no images defined `/tmp/fullsize_8cc55ace05976a65a87046b13811394e.jpg' @ error/convert.c/ConvertImageCommand/3258.

2020-01-01T15:21:45-08:00 ERR (3): ImageMagick failed with status code 1.
2020-01-01T15:21:45-08:00 WARN (4): Error output from ImageMagick:
convert: no decode delegate for this image format `' @ error/constitute.c/ReadImage/504.
convert: no images defined `/tmp/fullsize_d67d1c1f9dd2e32d9df0513a1693821c.jpg' @ error/convert.c/ConvertImageCommand/3258.

2020-01-01T15:21:45-08:00 ERR (3): ImageMagick failed with status code 1.
2020-01-01T15:21:46-08:00 WARN (4): Error output from ImageMagick:
convert: no decode delegate for this image format `' @ error/constitute.c/ReadImage/504.
convert: no images defined `/tmp/fullsize_f35020698be611adfc02257972f63873.jpg' @ error/convert.c/ConvertImageCommand/3258.

2020-01-01T15:21:46-08:00 ERR (3): ImageMagick failed with status code 1.
2020-01-01T15:21:46-08:00 WARN (4): Error output from ImageMagick:
convert: no decode delegate for this image format `' @ error/constitute.c/ReadImage/504.
convert: no images defined `/tmp/fullsize_d9548f1b77e7231a7d7ccec49e15d462.jpg' @ error/convert.c/ConvertImageCommand/3258.

2020-01-01T15:21:46-08:00 ERR (3): ImageMagick failed with status code 1.
2020-01-01T15:21:46-08:00 WARN (4): Error output from ImageMagick:
convert: no decode delegate for this image format `' @ error/constitute.c/ReadImage/504.
convert: no images defined `/tmp/fullsize_bbcaa43616454cf03e85332352f268cd.jpg' @ error/convert.c/ConvertImageCommand/3258.

2020-01-01T15:21:46-08:00 ERR (3): ImageMagick failed with status code 1.
2020-01-01T15:21:47-08:00 WARN (4): Error output from ImageMagick:
convert: no decode delegate for this image format `' @ error/constitute.c/ReadImage/504.
convert: no images defined `/tmp/fullsize_8ef3ded8cac4376bf0a1266ab244128e.jpg' @ error/convert.c/ConvertImageCommand/3258.

2020-01-01T15:21:47-08:00 ERR (3): ImageMagick failed with status code 1.
2020-01-01T15:21:47-08:00 WARN (4): Error output from ImageMagick:
convert: no decode delegate for this image format `' @ error/constitute.c/ReadImage/504.
convert: no images defined `/tmp/fullsize_d97e7f4471cd2a915073844f277d0252.jpg' @ error/convert.c/ConvertImageCommand/3258.

2020-01-01T15:21:47-08:00 ERR (3): ImageMagick failed with status code 1.
2020-01-01T15:21:48-08:00 WARN (4): Error output from ImageMagick:
convert: no decode delegate for this image format `' @ error/constitute.c/ReadImage/504.
convert: no images defined `/tmp/fullsize_036450088343a4a9ca9aea7af6f62bc3.jpg' @ error/convert.c/ConvertImageCommand/3258.

2020-01-01T15:21:48-08:00 ERR (3): ImageMagick failed with status code 1.
2020-01-01T15:21:48-08:00 WARN (4): Error output from ImageMagick:
convert: no decode delegate for this image format `' @ error/constitute.c/ReadImage/504.
convert: no images defined `/tmp/fullsize_d15008a20300b06737c95c2d505aaefa.jpg' @ error/convert.c/ConvertImageCommand/3258.

2020-01-01T15:21:48-08:00 ERR (3): ImageMagick failed with status code 1.
2020-01-01T15:21:49-08:00 WARN (4): Error output from ImageMagick:
convert: no decode delegate for this image format `' @ error/constitute.c/ReadImage/504.
convert: no images defined `/tmp/fullsize_f2745c27abe7e411cd73f6423ba613fd.jpg' @ error/convert.c/ConvertImageCommand/3258.

2020-01-01T15:21:49-08:00 ERR (3): ImageMagick failed with status code 1.
2020-01-01T15:21:49-08:00 WARN (4): Error output from ImageMagick:
convert: no decode delegate for this image format `' @ error/constitute.c/ReadImage/504.
convert: no images defined `/tmp/fullsize_eec53f67552adf668d975c48fbb9e956.jpg' @ error/convert.c/ConvertImageCommand/3258.

2020-01-01T15:21:49-08:00 ERR (3): ImageMagick failed with status code 1.
2020-01-01T15:21:49-08:00 WARN (4): Error output from ImageMagick:
convert: no decode delegate for this image format `' @ error/constitute.c/ReadImage/504.
convert: no images defined `/tmp/fullsize_63478a8f5051fc90076078561725493b.jpg' @ error/convert.c/ConvertImageCommand/3258.

2020-01-01T15:21:49-08:00 ERR (3): ImageMagick failed with status code 1.
2020-01-01T15:21:50-08:00 WARN (4): Error output from ImageMagick:
convert: no decode delegate for this image format `' @ error/constitute.c/ReadImage/504.
convert: no images defined `/tmp/fullsize_20d06bd4c1d8aa443dbce0b75cb148dc.jpg' @ error/convert.c/ConvertImageCommand/3258.

2020-01-01T15:21:50-08:00 ERR (3): ImageMagick failed with status code 1.
2020-01-01T15:21:50-08:00 WARN (4): Error output from ImageMagick:
convert: no decode delegate for this image format `' @ error/constitute.c/ReadImage/504.
convert: no images defined `/tmp/fullsize_fe89276a743c8b10ad594bc43f87d819.jpg' @ error/convert.c/ConvertImageCommand/3258.

2020-01-01T15:21:50-08:00 ERR (3): ImageMagick failed with status code 1.
2020-01-01T15:21:51-08:00 WARN (4): Error output from ImageMagick:
convert: no decode delegate for this image format `' @ error/constitute.c/ReadImage/504.
convert: no images defined `/tmp/fullsize_69cc2827f7b73ef65b0cc9cb2f80385d.jpg' @ error/convert.c/ConvertImageCommand/3258.

2020-01-01T15:21:51-08:00 ERR (3): ImageMagick failed with status code 1.
2020-01-01T15:21:51-08:00 WARN (4): Error output from ImageMagick:
convert: no decode delegate for this image format `' @ error/constitute.c/ReadImage/504.
convert: no images defined `/tmp/fullsize_982f7a745a84ac2c8800ca2a0d032c67.jpg' @ error/convert.c/ConvertImageCommand/3258.

2020-01-01T15:21:51-08:00 ERR (3): ImageMagick failed with status code 1.
2020-01-01T15:21:51-08:00 WARN (4): Error output from ImageMagick:
convert: no decode delegate for this image format `' @ error/constitute.c/ReadImage/504.
convert: no images defined `/tmp/fullsize_1ec52621f99db9cdf0e9eab750ed1df1.jpg' @ error/convert.c/ConvertImageCommand/3258.

2020-01-01T15:21:51-08:00 ERR (3): ImageMagick failed with status code 1.
2020-01-01T15:21:52-08:00 WARN (4): Error output from ImageMagick:
convert: no decode delegate for this image format `' @ error/constitute.c/ReadImage/504.
convert: no images defined `/tmp/fullsize_ef9198eeff6214ac438a16ea8c6abac9.jpg' @ error/convert.c/ConvertImageCommand/3258.

2020-01-01T15:21:52-08:00 ERR (3): ImageMagick failed with status code 1.
2020-01-01T15:21:52-08:00 WARN (4): Error output from ImageMagick:
convert: no decode delegate for this image format `' @ error/constitute.c/ReadImage/504.
convert: no images defined `/tmp/fullsize_633905cfaf1c3515fea71d0fc8a2fec0.jpg' @ error/convert.c/ConvertImageCommand/3258.

2020-01-01T15:21:52-08:00 ERR (3): ImageMagick failed with status code 1.
2020-01-01T15:21:53-08:00 WARN (4): Error output from ImageMagick:
convert: no decode delegate for this image format `' @ error/constitute.c/ReadImage/504.
convert: no images defined `/tmp/fullsize_bc54c4fefa95fd75854fdecce3dd91f1.jpg' @ error/convert.c/ConvertImageCommand/3258.

2020-01-01T15:21:53-08:00 ERR (3): ImageMagick failed with status code 1.
2020-01-01T15:21:53-08:00 WARN (4): Error output from ImageMagick:
convert: no decode delegate for this image format `' @ error/constitute.c/ReadImage/504.
convert: no images defined `/tmp/fullsize_b7d8e43cbb54cd882870107bcd1a05df.jpg' @ error/convert.c/ConvertImageCommand/3258.

2020-01-01T15:21:53-08:00 ERR (3): ImageMagick failed with status code 1.
2020-01-01T15:21:53-08:00 WARN (4): Error output from ImageMagick:
convert: no decode delegate for this image format `' @ error/constitute.c/ReadImage/504.
convert: no images defined `/tmp/fullsize_bafefc57237743386253b224ccbe091d.jpg' @ error/convert.c/ConvertImageCommand/3258.

2020-01-01T15:21:53-08:00 ERR (3): ImageMagick failed with status code 1.
2020-01-01T15:21:54-08:00 WARN (4): Error output from ImageMagick:
convert: no decode delegate for this image format `' @ error/constitute.c/ReadImage/504.
convert: no images defined `/tmp/fullsize_949c3dd8d5ee2f1fe332cfbe99a234b4.jpg' @ error/convert.c/ConvertImageCommand/3258.

2020-01-01T15:21:54-08:00 ERR (3): ImageMagick failed with status code 1.
2020-01-01T15:21:54-08:00 WARN (4): Error output from ImageMagick:
convert: no decode delegate for this image format `' @ error/constitute.c/ReadImage/504.
convert: no images defined `/tmp/fullsize_55249c3ae255ecfd85677f6994872fc0.jpg' @ error/convert.c/ConvertImageCommand/3258.

2020-01-01T15:21:54-08:00 ERR (3): ImageMagick failed with status code 1.
2020-01-01T15:21:55-08:00 WARN (4): Error output from ImageMagick:
convert: no decode delegate for this image format `' @ error/constitute.c/ReadImage/504.
convert: no images defined `/tmp/fullsize_d3d8e735d208d4e5f238f3c14842cece.jpg' @ error/convert.c/ConvertImageCommand/3258.

2020-01-01T15:21:55-08:00 ERR (3): ImageMagick failed with status code 1.
2020-01-01T15:21:55-08:00 WARN (4): Error output from ImageMagick:
convert: no decode delegate for this image format `' @ error/constitute.c/ReadImage/504.
convert: no images defined `/tmp/fullsize_a01c2ab8958ff2308bdcd8b75279f4d2.jpg' @ error/convert.c/ConvertImageCommand/3258.

2020-01-01T15:21:55-08:00 ERR (3): ImageMagick failed with status code 1.
2020-01-01T15:21:56-08:00 WARN (4): Error output from ImageMagick:
convert: no decode delegate for this image format `' @ error/constitute.c/ReadImage/504.
convert: no images defined `/tmp/fullsize_72aaf36e2eb9e806abcd373e5532b10a.jpg' @ error/convert.c/ConvertImageCommand/3258.

2020-01-01T15:21:56-08:00 ERR (3): ImageMagick failed with status code 1.
2020-01-01T15:21:56-08:00 WARN (4): Error output from ImageMagick:
convert: no decode delegate for this image format `' @ error/constitute.c/ReadImage/504.
convert: no images defined `/tmp/fullsize_18b078ae78bc3d9af895c30bee229bce.jpg' @ error/convert.c/ConvertImageCommand/3258.

2020-01-01T15:21:56-08:00 ERR (3): ImageMagick failed with status code 1.
2020-01-01T15:21:57-08:00 WARN (4): Error output from ImageMagick:
convert: no decode delegate for this image format `' @ error/constitute.c/ReadImage/504.
convert: no images defined `/tmp/fullsize_eee476fee5b6586a7035d237cf825939.jpg' @ error/convert.c/ConvertImageCommand/3258.

2020-01-01T15:21:57-08:00 ERR (3): ImageMagick failed with status code 1.
2020-01-01T15:21:57-08:00 WARN (4): Error output from ImageMagick:
convert: no decode delegate for this image format `' @ error/constitute.c/ReadImage/504.
convert: no images defined `/tmp/fullsize_08315efd01edb2b41c35ebf836525839.jpg' @ error/convert.c/ConvertImageCommand/3258.

2020-01-01T15:21:57-08:00 ERR (3): ImageMagick failed with status code 1.
2020-01-01T15:21:57-08:00 WARN (4): Error output from ImageMagick:
convert: no decode delegate for this image format `' @ error/constitute.c/ReadImage/504.
convert: no images defined `/tmp/fullsize_5501fd134d43f7fa312e8264d6b8afab.jpg' @ error/convert.c/ConvertImageCommand/3258.

2020-01-01T15:21:57-08:00 ERR (3): ImageMagick failed with status code 1.
2020-01-01T15:21:58-08:00 WARN (4): Error output from ImageMagick:
convert: no decode delegate for this image format `' @ error/constitute.c/ReadImage/504.
convert: no images defined `/tmp/fullsize_608d87305f7b194f49363af8e9263ac0.jpg' @ error/convert.c/ConvertImageCommand/3258.

2020-01-01T15:21:58-08:00 ERR (3): ImageMagick failed with status code 1.
2020-01-01T15:21:58-08:00 WARN (4): Error output from ImageMagick:
convert: no decode delegate for this image format `' @ error/constitute.c/ReadImage/504.
convert: no images defined `/tmp/fullsize_b4ce3ac1c8074d423e03a6158ae7faed.jpg' @ error/convert.c/ConvertImageCommand/3258.

2020-01-01T15:21:58-08:00 ERR (3): ImageMagick failed with status code 1.
2020-01-01T15:21:59-08:00 WARN (4): Error output from ImageMagick:
convert: no decode delegate for this image format `' @ error/constitute.c/ReadImage/504.
convert: no images defined `/tmp/fullsize_dab105d748bf1953dfbcbdf7a3824157.jpg' @ error/convert.c/ConvertImageCommand/3258.

2020-01-01T15:21:59-08:00 ERR (3): ImageMagick failed with status code 1.
2020-01-01T15:21:59-08:00 WARN (4): Error output from ImageMagick:
convert: no decode delegate for this image format `' @ error/constitute.c/ReadImage/504.
convert: no images defined `/tmp/fullsize_c2d7135719d66b054b0a05a18c870bc6.jpg' @ error/convert.c/ConvertImageCommand/3258.

2020-01-01T15:21:59-08:00 ERR (3): ImageMagick failed with status code 1.
2020-01-01T15:22:00-08:00 WARN (4): Error output from ImageMagick:
convert: no decode delegate for this image format `' @ error/constitute.c/ReadImage/504.
convert: no images defined `/tmp/fullsize_c8d4201f53257d8ec2cd529620eaa73c.jpg' @ error/convert.c/ConvertImageCommand/3258.

2020-01-01T15:22:00-08:00 ERR (3): ImageMagick failed with status code 1.
2020-01-01T15:22:00-08:00 WARN (4): Error output from ImageMagick:
convert: no decode delegate for this image format `' @ error/constitute.c/ReadImage/504.
convert: no images defined `/tmp/fullsize_eff8054dbcf1aaed6a1611c894b953a4.jpg' @ error/convert.c/ConvertImageCommand/3258.

2020-01-01T15:22:00-08:00 ERR (3): ImageMagick failed with status code 1.
2020-01-01T15:22:00-08:00 WARN (4): Error output from ImageMagick:
convert: no decode delegate for this image format `' @ error/constitute.c/ReadImage/504.
convert: no images defined `/tmp/fullsize_178956fdbe3acb362f96874da1740025.jpg' @ error/convert.c/ConvertImageCommand/3258.

2020-01-01T15:22:00-08:00 ERR (3): ImageMagick failed with status code 1.
2020-01-01T15:22:01-08:00 WARN (4): Error output from ImageMagick:
convert: no decode delegate for this image format `' @ error/constitute.c/ReadImage/504.
convert: no images defined `/tmp/fullsize_02a447b288ba8ef10007ac20870281c1.jpg' @ error/convert.c/ConvertImageCommand/3258.

2020-01-01T15:22:01-08:00 ERR (3): ImageMagick failed with status code 1.
2020-01-01T15:22:01-08:00 WARN (4): Error output from ImageMagick:
convert: no decode delegate for this image format `' @ error/constitute.c/ReadImage/504.
convert: no images defined `/tmp/fullsize_6a715940a8c784baa7df4653e16f6f74.jpg' @ error/convert.c/ConvertImageCommand/3258.

2020-01-01T15:22:01-08:00 ERR (3): ImageMagick failed with status code 1.
2020-01-01T15:22:02-08:00 WARN (4): Error output from ImageMagick:
convert: no decode delegate for this image format `' @ error/constitute.c/ReadImage/504.
convert: no images defined `/tmp/fullsize_d62bd50b2ba3bdd71855407234d41971.jpg' @ error/convert.c/ConvertImageCommand/3258.

2020-01-01T15:22:02-08:00 ERR (3): ImageMagick failed with status code 1.
2020-01-01T15:22:02-08:00 WARN (4): Error output from ImageMagick:
convert: no decode delegate for this image format `' @ error/constitute.c/ReadImage/504.
convert: no images defined `/tmp/fullsize_dcb0681f81ccb7ef98fc60bb48c912ca.jpg' @ error/convert.c/ConvertImageCommand/3258.

2020-01-01T15:22:02-08:00 ERR (3): ImageMagick failed with status code 1.
2020-01-01T15:22:03-08:00 WARN (4): Error output from ImageMagick:
convert: no decode delegate for this image format `' @ error/constitute.c/ReadImage/504.
convert: no images defined `/tmp/fullsize_70508539699c39a13752448c4120fb54.jpg' @ error/convert.c/ConvertImageCommand/3258.

2020-01-01T15:22:03-08:00 ERR (3): ImageMagick failed with status code 1.
2020-01-01T15:22:03-08:00 WARN (4): Error output from ImageMagick:
convert: no decode delegate for this image format `' @ error/constitute.c/ReadImage/504.
convert: no images defined `/tmp/fullsize_813ac614aaf90f754b336fbff77e003b.jpg' @ error/convert.c/ConvertImageCommand/3258.

2020-01-01T15:22:03-08:00 ERR (3): ImageMagick failed with status code 1.
2020-01-01T15:22:03-08:00 WARN (4): Error output from ImageMagick:
convert: no decode delegate for this image format `' @ error/constitute.c/ReadImage/504.
convert: no images defined `/tmp/fullsize_4330c87ccc18c1b33bf47b99ad8bcb12.jpg' @ error/convert.c/ConvertImageCommand/3258.

2020-01-01T15:22:03-08:00 ERR (3): ImageMagick failed with status code 1.
2020-01-01T15:22:04-08:00 WARN (4): Error output from ImageMagick:
convert: no decode delegate for this image format `' @ error/constitute.c/ReadImage/504.
convert: no images defined `/tmp/fullsize_1c9ebf280e8965d3163894d03d082bd3.jpg' @ error/convert.c/ConvertImageCommand/3258.

2020-01-01T15:22:04-08:00 ERR (3): ImageMagick failed with status code 1.
2020-01-01T15:22:04-08:00 WARN (4): Error output from ImageMagick:
convert: no decode delegate for this image format `' @ error/constitute.c/ReadImage/504.
convert: no images defined `/tmp/fullsize_3afa2f3c3bde25e349077523da85fb7f.jpg' @ error/convert.c/ConvertImageCommand/3258.

2020-01-01T15:22:04-08:00 ERR (3): ImageMagick failed with status code 1.
2020-01-01T15:22:05-08:00 WARN (4): Error output from ImageMagick:
convert: no decode delegate for this image format `' @ error/constitute.c/ReadImage/504.
convert: no images defined `/tmp/fullsize_e57b34c353d416f170e4fb8f41a89a61.jpg' @ error/convert.c/ConvertImageCommand/3258.

2020-01-01T15:22:05-08:00 ERR (3): ImageMagick failed with status code 1.
2020-01-01T15:22:05-08:00 WARN (4): Error output from ImageMagick:
convert: no decode delegate for this image format `' @ error/constitute.c/ReadImage/504.
convert: no images defined `/tmp/fullsize_e72387c6bd1ef7e805222308a6f46516.jpg' @ error/convert.c/ConvertImageCommand/3258.

2020-01-01T15:22:05-08:00 ERR (3): ImageMagick failed with status code 1.
2020-01-01T15:22:05-08:00 WARN (4): Error output from ImageMagick:
convert: no decode delegate for this image format `' @ error/constitute.c/ReadImage/504.
convert: no images defined `/tmp/fullsize_6d57109b9e30f3fcf53a3a0807a08f21.jpg' @ error/convert.c/ConvertImageCommand/3258.

2020-01-01T15:22:05-08:00 ERR (3): ImageMagick failed with status code 1.
2020-01-01T15:22:06-08:00 WARN (4): Error output from ImageMagick:
convert: no decode delegate for this image format `' @ error/constitute.c/ReadImage/504.
convert: no images defined `/tmp/fullsize_7b80f3826038d20ed2200b9dad3efd25.jpg' @ error/convert.c/ConvertImageCommand/3258.

2020-01-01T15:22:06-08:00 ERR (3): ImageMagick failed with status code 1.
2020-01-01T15:22:06-08:00 WARN (4): Error output from ImageMagick:
convert: no decode delegate for this image format `' @ error/constitute.c/ReadImage/504.
convert: no images defined `/tmp/fullsize_54eb9c3ce1167e6cdc4cc9b48ec96f87.jpg' @ error/convert.c/ConvertImageCommand/3258.

2020-01-01T15:22:06-08:00 ERR (3): ImageMagick failed with status code 1.
2020-01-01T15:22:06-08:00 WARN (4): Error output from ImageMagick:
convert: no decode delegate for this image format `' @ error/constitute.c/ReadImage/504.
convert: no images defined `/tmp/fullsize_95e5d37910f7c7ed14f121e058e5e3ca.jpg' @ error/convert.c/ConvertImageCommand/3258.

2020-01-01T15:22:06-08:00 ERR (3): ImageMagick failed with status code 1.
2020-01-01T15:22:07-08:00 WARN (4): Error output from ImageMagick:
convert: no decode delegate for this image format `' @ error/constitute.c/ReadImage/504.
convert: no images defined `/tmp/fullsize_25e5ea6852ed25275a780cb8163e8c28.jpg' @ error/convert.c/ConvertImageCommand/3258.

2020-01-01T15:22:07-08:00 ERR (3): ImageMagick failed with status code 1.
2020-01-01T15:22:07-08:00 WARN (4): Error output from ImageMagick:
convert: no decode delegate for this image format `' @ error/constitute.c/ReadImage/504.
convert: no images defined `/tmp/fullsize_8c7cf33c21189684b97fdcfdcf5e12b5.jpg' @ error/convert.c/ConvertImageCommand/3258.

2020-01-01T15:22:07-08:00 ERR (3): ImageMagick failed with status code 1.
2020-01-01T15:22:08-08:00 WARN (4): Error output from ImageMagick:
convert: no decode delegate for this image format `' @ error/constitute.c/ReadImage/504.
convert: no images defined `/tmp/fullsize_f2442136a25e8c00a05bb4bbd189872b.jpg' @ error/convert.c/ConvertImageCommand/3258.

2020-01-01T15:22:08-08:00 ERR (3): ImageMagick failed with status code 1.
2020-01-01T15:22:09-08:00 WARN (4): Error output from ImageMagick:
convert: no decode delegate for this image format `' @ error/constitute.c/ReadImage/504.
convert: no images defined `/tmp/fullsize_bbdd301b98f07ffd38e504c8e07d9ad6.jpg' @ error/convert.c/ConvertImageCommand/3258.

2020-01-01T15:22:09-08:00 ERR (3): ImageMagick failed with status code 1.
2020-01-01T15:22:09-08:00 WARN (4): Error output from ImageMagick:
convert: no decode delegate for this image format `' @ error/constitute.c/ReadImage/504.
convert: no images defined `/tmp/fullsize_d5750a52f83505d16c2eaf2e0548402a.jpg' @ error/convert.c/ConvertImageCommand/3258.

2020-01-01T15:22:09-08:00 ERR (3): ImageMagick failed with status code 1.
2020-01-01T15:22:09-08:00 WARN (4): Error output from ImageMagick:
convert: no decode delegate for this image format `' @ error/constitute.c/ReadImage/504.
convert: no images defined `/tmp/fullsize_6efa4ec389da768a24a1dadb5e211cf8.jpg' @ error/convert.c/ConvertImageCommand/3258.

2020-01-01T15:22:09-08:00 ERR (3): ImageMagick failed with status code 1.
2020-01-01T15:22:10-08:00 WARN (4): Error output from ImageMagick:
convert: no decode delegate for this image format `' @ error/constitute.c/ReadImage/504.
convert: no images defined `/tmp/fullsize_17bc9632d562178bfe6652131bf3dd1c.jpg' @ error/convert.c/ConvertImageCommand/3258.

2020-01-01T15:22:10-08:00 ERR (3): ImageMagick failed with status code 1.
2020-01-01T15:22:10-08:00 WARN (4): Error output from ImageMagick:
convert: no decode delegate for this image format `' @ error/constitute.c/ReadImage/504.
convert: no images defined `/tmp/fullsize_90cb7437b74011ff243bd43849a6d82b.jpg' @ error/convert.c/ConvertImageCommand/3258.

2020-01-01T15:22:10-08:00 ERR (3): ImageMagick failed with status code 1.
2020-01-01T15:22:11-08:00 WARN (4): Error output from ImageMagick:
convert: no decode delegate for this image format `' @ error/constitute.c/ReadImage/504.
convert: no images defined `/tmp/fullsize_08e59d8faf53850bddec161dd1e9047f.jpg' @ error/convert.c/ConvertImageCommand/3258.

2020-01-01T15:22:11-08:00 ERR (3): ImageMagick failed with status code 1.
2020-01-01T15:22:11-08:00 WARN (4): Error output from ImageMagick:
convert: no decode delegate for this image format `' @ error/constitute.c/ReadImage/504.
convert: no images defined `/tmp/fullsize_ae6ad145e6a83de750e4a8a5516fe270.jpg' @ error/convert.c/ConvertImageCommand/3258.

2020-01-01T15:22:11-08:00 ERR (3): ImageMagick failed with status code 1.
2020-01-01T15:22:11-08:00 WARN (4): Error output from ImageMagick:
convert: no decode delegate for this image format `' @ error/constitute.c/ReadImage/504.
convert: no images defined `/tmp/fullsize_9a96fa35cf7c09b14a887648403b417b.jpg' @ error/convert.c/ConvertImageCommand/3258.

2020-01-01T15:22:11-08:00 ERR (3): ImageMagick failed with status code 1.
2020-01-01T15:22:12-08:00 WARN (4): Error output from ImageMagick:
convert: no decode delegate for this image format `' @ error/constitute.c/ReadImage/504.
convert: no images defined `/tmp/fullsize_d0ec81d973b4f91401ebd9e0eb1630d0.jpg' @ error/convert.c/ConvertImageCommand/3258.

2020-01-01T15:22:12-08:00 ERR (3): ImageMagick failed with status code 1.
2020-01-01T15:22:12-08:00 WARN (4): Error output from ImageMagick:
convert: no decode delegate for this image format `' @ error/constitute.c/ReadImage/504.
convert: no images defined `/tmp/fullsize_f69ce023a1d6d2ac0ab1f6fe3519056d.jpg' @ error/convert.c/ConvertImageCommand/3258.

2020-01-01T15:22:12-08:00 ERR (3): ImageMagick failed with status code 1.
2020-01-01T15:22:12-08:00 WARN (4): Error output from ImageMagick:
convert: no decode delegate for this image format `' @ error/constitute.c/ReadImage/504.
convert: no images defined `/tmp/fullsize_ff3989d603bdf980a0f8dbca4c410ad3.jpg' @ error/convert.c/ConvertImageCommand/3258.

2020-01-01T15:22:12-08:00 ERR (3): ImageMagick failed with status code 1.
2020-01-01T15:22:13-08:00 WARN (4): Error output from ImageMagick:
convert: no decode delegate for this image format `' @ error/constitute.c/ReadImage/504.
convert: no images defined `/tmp/fullsize_56be825c27e0124ad2ada7a2b89c830a.jpg' @ error/convert.c/ConvertImageCommand/3258.

2020-01-01T15:22:13-08:00 ERR (3): ImageMagick failed with status code 1.
2020-01-01T15:22:13-08:00 WARN (4): Error output from ImageMagick:
convert: no decode delegate for this image format `' @ error/constitute.c/ReadImage/504.
convert: no images defined `/tmp/fullsize_812585ae1de54e1a4b5d3ab6fc6b03c4.jpg' @ error/convert.c/ConvertImageCommand/3258.

2020-01-01T15:22:13-08:00 ERR (3): ImageMagick failed with status code 1.
2020-01-01T15:22:14-08:00 WARN (4): Error output from ImageMagick:
convert: no decode delegate for this image format `' @ error/constitute.c/ReadImage/504.
convert: no images defined `/tmp/fullsize_1960c9fb8d72b586a47f8c6dd3f86258.jpg' @ error/convert.c/ConvertImageCommand/3258.

2020-01-01T15:22:14-08:00 ERR (3): ImageMagick failed with status code 1.
2020-01-01T15:22:14-08:00 WARN (4): Error output from ImageMagick:
convert: no decode delegate for this image format `' @ error/constitute.c/ReadImage/504.
convert: no images defined `/tmp/fullsize_63b09d0f59a90546b70bc46631f72f81.jpg' @ error/convert.c/ConvertImageCommand/3258.

2020-01-01T15:22:14-08:00 ERR (3): ImageMagick failed with status code 1.
2020-01-01T15:22:14-08:00 WARN (4): Error output from ImageMagick:
convert: no decode delegate for this image format `' @ error/constitute.c/ReadImage/504.
convert: no images defined `/tmp/fullsize_f64c2b644162c6ce52e35fe66a802ddc.jpg' @ error/convert.c/ConvertImageCommand/3258.

2020-01-01T15:22:14-08:00 ERR (3): ImageMagick failed with status code 1.
2020-01-01T15:22:15-08:00 WARN (4): Error output from ImageMagick:
convert: no decode delegate for this image format `' @ error/constitute.c/ReadImage/504.
convert: no images defined `/tmp/fullsize_539dd53ada247773af1cf2b40b675827.jpg' @ error/convert.c/ConvertImageCommand/3258.

2020-01-01T15:22:15-08:00 ERR (3): ImageMagick failed with status code 1.
2020-01-01T15:22:15-08:00 WARN (4): Error output from ImageMagick:
convert: no decode delegate for this image format `' @ error/constitute.c/ReadImage/504.
convert: no images defined `/tmp/fullsize_fa4a30c9c8b666d065ff39c3ac2cc8d7.jpg' @ error/convert.c/ConvertImageCommand/3258.

2020-01-01T15:22:15-08:00 ERR (3): ImageMagick failed with status code 1.
2020-01-01T15:22:15-08:00 WARN (4): Error output from ImageMagick:
convert: no decode delegate for this image format `' @ error/constitute.c/ReadImage/504.
convert: no images defined `/tmp/fullsize_63d46d89ab1f8e23fa7c10e17b976bc9.jpg' @ error/convert.c/ConvertImageCommand/3258.

2020-01-01T15:22:15-08:00 ERR (3): ImageMagick failed with status code 1.
2020-01-01T15:22:16-08:00 WARN (4): Error output from ImageMagick:
convert: no decode delegate for this image format `' @ error/constitute.c/ReadImage/504.
convert: no images defined `/tmp/fullsize_bfc280b793b7cfe1440902dde73a0194.jpg' @ error/convert.c/ConvertImageCommand/3258.

2020-01-01T15:22:16-08:00 ERR (3): ImageMagick failed with status code 1.
2020-01-01T15:22:16-08:00 WARN (4): Error output from ImageMagick:
convert: no decode delegate for this image format `' @ error/constitute.c/ReadImage/504.
convert: no images defined `/tmp/fullsize_77778f894235faad68e6540380277ca8.jpg' @ error/convert.c/ConvertImageCommand/3258.

2020-01-01T15:22:16-08:00 ERR (3): ImageMagick failed with status code 1.
2020-01-01T15:22:17-08:00 WARN (4): Error output from ImageMagick:
convert: no decode delegate for this image format `' @ error/constitute.c/ReadImage/504.
convert: no images defined `/tmp/fullsize_c532c33f3bd7e770e2b8fa7895e00ecd.jpg' @ error/convert.c/ConvertImageCommand/3258.

2020-01-01T15:22:17-08:00 ERR (3): ImageMagick failed with status code 1.
2020-01-01T15:22:17-08:00 WARN (4): Error output from ImageMagick:
convert: no decode delegate for this image format `' @ error/constitute.c/ReadImage/504.
convert: no images defined `/tmp/fullsize_c77928e106ba985092942a70eb9f6359.jpg' @ error/convert.c/ConvertImageCommand/3258.

2020-01-01T15:22:17-08:00 ERR (3): ImageMagick failed with status code 1.
2020-01-01T15:22:17-08:00 WARN (4): Error output from ImageMagick:
convert: no decode delegate for this image format `' @ error/constitute.c/ReadImage/504.
convert: no images defined `/tmp/fullsize_55aa4c8a1163e4f5ba9114db2210d9a6.jpg' @ error/convert.c/ConvertImageCommand/3258.

2020-01-01T15:22:17-08:00 ERR (3): ImageMagick failed with status code 1.
2020-01-01T15:22:18-08:00 WARN (4): Error output from ImageMagick:
convert: no decode delegate for this image format `' @ error/constitute.c/ReadImage/504.
convert: no images defined `/tmp/fullsize_2cc6d3cefad38e680734192f09e73ead.jpg' @ error/convert.c/ConvertImageCommand/3258.

2020-01-01T15:22:18-08:00 ERR (3): ImageMagick failed with status code 1.
2020-01-01T15:22:18-08:00 WARN (4): Error output from ImageMagick:
convert: no decode delegate for this image format `' @ error/constitute.c/ReadImage/504.
convert: no images defined `/tmp/fullsize_517e1838f70ed9d385d20a0dfa47c925.jpg' @ error/convert.c/ConvertImageCommand/3258.

2020-01-01T15:22:18-08:00 ERR (3): ImageMagick failed with status code 1.
2020-01-01T15:22:18-08:00 WARN (4): Error output from ImageMagick:
convert: no decode delegate for this image format `' @ error/constitute.c/ReadImage/504.
convert: no images defined `/tmp/fullsize_4e1c04a20d5d1e159397d9528c3d9751.jpg' @ error/convert.c/ConvertImageCommand/3258.

2020-01-01T15:22:18-08:00 ERR (3): ImageMagick failed with status code 1.
2020-01-01T15:22:19-08:00 WARN (4): Error output from ImageMagick:
convert: no decode delegate for this image format `' @ error/constitute.c/ReadImage/504.
convert: no images defined `/tmp/fullsize_e1a8896b5bebff39eb8366eb835cbaf1.jpg' @ error/convert.c/ConvertImageCommand/3258.

2020-01-01T15:22:19-08:00 ERR (3): ImageMagick failed with status code 1.
2020-01-01T15:22:20-08:00 WARN (4): Error output from ImageMagick:
convert: no decode delegate for this image format `' @ error/constitute.c/ReadImage/504.
convert: no images defined `/tmp/fullsize_d92e12d2dd1e65765e1529aea22b529a.jpg' @ error/convert.c/ConvertImageCommand/3258.

2020-01-01T15:22:20-08:00 ERR (3): ImageMagick failed with status code 1.
2020-01-01T15:22:20-08:00 WARN (4): Error output from ImageMagick:
convert: no decode delegate for this image format `' @ error/constitute.c/ReadImage/504.
convert: no images defined `/tmp/fullsize_6b9443eacb14a40c4ef92248aa3dd79f.jpg' @ error/convert.c/ConvertImageCommand/3258.

2020-01-01T15:22:20-08:00 ERR (3): ImageMagick failed with status code 1.
2020-01-01T15:22:20-08:00 WARN (4): Error output from ImageMagick:
convert: no decode delegate for this image format `' @ error/constitute.c/ReadImage/504.
convert: no images defined `/tmp/fullsize_08bcf0f7cebd9e2e198e8bbf2e16b4f6.jpg' @ error/convert.c/ConvertImageCommand/3258.

2020-01-01T15:22:20-08:00 ERR (3): ImageMagick failed with status code 1.
2020-01-01T15:22:21-08:00 WARN (4): Error output from ImageMagick:
convert: no decode delegate for this image format `' @ error/constitute.c/ReadImage/504.
convert: no images defined `/tmp/fullsize_9887fe8bac59b2223eaecab220aba7b4.jpg' @ error/convert.c/ConvertImageCommand/3258.

2020-01-01T15:22:21-08:00 ERR (3): ImageMagick failed with status code 1.
2020-01-01T15:22:21-08:00 WARN (4): Error output from ImageMagick:
convert: no decode delegate for this image format `' @ error/constitute.c/ReadImage/504.
convert: no images defined `/tmp/fullsize_3314af046ff564f0850149696293570a.jpg' @ error/convert.c/ConvertImageCommand/3258.

2020-01-01T15:22:21-08:00 ERR (3): ImageMagick failed with status code 1.
2020-01-01T15:22:21-08:00 WARN (4): Error output from ImageMagick:
convert: no decode delegate for this image format `' @ error/constitute.c/ReadImage/504.
convert: no images defined `/tmp/fullsize_9794ad048a5680998206ff0e7bbb6d02.jpg' @ error/convert.c/ConvertImageCommand/3258.

2020-01-01T15:22:21-08:00 ERR (3): ImageMagick failed with status code 1.
2020-01-01T15:22:22-08:00 WARN (4): Error output from ImageMagick:
convert: no decode delegate for this image format `' @ error/constitute.c/ReadImage/504.
convert: no images defined `/tmp/fullsize_1453d9784f98917f057116ecedf96c1d.jpg' @ error/convert.c/ConvertImageCommand/3258.

2020-01-01T15:22:22-08:00 ERR (3): ImageMagick failed with status code 1.
2020-01-01T15:22:22-08:00 WARN (4): Error output from ImageMagick:
convert: no decode delegate for this image format `' @ error/constitute.c/ReadImage/504.
convert: no images defined `/tmp/fullsize_0f6e893a80886e50a2984c2503a4bb70.jpg' @ error/convert.c/ConvertImageCommand/3258.

2020-01-01T15:22:22-08:00 ERR (3): ImageMagick failed with status code 1.
2020-01-01T15:22:23-08:00 WARN (4): Error output from ImageMagick:
convert: no decode delegate for this image format `' @ error/constitute.c/ReadImage/504.
convert: no images defined `/tmp/fullsize_a36732a7dad24e869f5958a96f9b3a4a.jpg' @ error/convert.c/ConvertImageCommand/3258.

2020-01-01T15:22:23-08:00 ERR (3): ImageMagick failed with status code 1.
2020-01-01T15:22:23-08:00 WARN (4): Error output from ImageMagick:
convert: no decode delegate for this image format `' @ error/constitute.c/ReadImage/504.
convert: no images defined `/tmp/fullsize_a6b9210c48ddd57a0a31be3404560afd.jpg' @ error/convert.c/ConvertImageCommand/3258.

2020-01-01T15:22:23-08:00 ERR (3): ImageMagick failed with status code 1.
2020-01-01T15:22:23-08:00 WARN (4): Error output from ImageMagick:
convert: no decode delegate for this image format `' @ error/constitute.c/ReadImage/504.
convert: no images defined `/tmp/fullsize_da048f5c0f7ce14b5a43f68ac19ea877.jpg' @ error/convert.c/ConvertImageCommand/3258.

2020-01-01T15:22:23-08:00 ERR (3): ImageMagick failed with status code 1.
2020-01-01T15:22:24-08:00 WARN (4): Error output from ImageMagick:
convert: no decode delegate for this image format `' @ error/constitute.c/ReadImage/504.
convert: no images defined `/tmp/fullsize_6c0496fea7505593ff0b1190b366efd2.jpg' @ error/convert.c/ConvertImageCommand/3258.

2020-01-01T15:22:24-08:00 ERR (3): ImageMagick failed with status code 1.
2020-01-01T15:22:24-08:00 WARN (4): Error output from ImageMagick:
convert: no decode delegate for this image format `' @ error/constitute.c/ReadImage/504.
convert: no images defined `/tmp/fullsize_50996c3fc1410e4635a10d0adb731024.jpg' @ error/convert.c/ConvertImageCommand/3258.

2020-01-01T15:22:24-08:00 ERR (3): ImageMagick failed with status code 1.
2020-01-01T15:22:25-08:00 WARN (4): Error output from ImageMagick:
convert: no decode delegate for this image format `' @ error/constitute.c/ReadImage/504.
convert: no images defined `/tmp/fullsize_700d4d48073b4f488e35fe969b27efaa.jpg' @ error/convert.c/ConvertImageCommand/3258.

2020-01-01T15:22:25-08:00 ERR (3): ImageMagick failed with status code 1.
2020-01-01T15:22:25-08:00 WARN (4): Error output from ImageMagick:
convert: no decode delegate for this image format `' @ error/constitute.c/ReadImage/504.
convert: no images defined `/tmp/fullsize_a88ebce947c6f67217fac4c8c2587727.jpg' @ error/convert.c/ConvertImageCommand/3258.

2020-01-01T15:22:25-08:00 ERR (3): ImageMagick failed with status code 1.
2020-01-01T15:22:25-08:00 WARN (4): Error output from ImageMagick:
convert: no decode delegate for this image format `' @ error/constitute.c/ReadImage/504.
convert: no images defined `/tmp/fullsize_ad33de3d59ead23b1c1201013b57002b.jpg' @ error/convert.c/ConvertImageCommand/3258.

2020-01-01T15:22:25-08:00 ERR (3): ImageMagick failed with status code 1.
2020-01-01T15:22:26-08:00 WARN (4): Error output from ImageMagick:
convert: no decode delegate for this image format `' @ error/constitute.c/ReadImage/504.
convert: no images defined `/tmp/fullsize_52913dddf1f7e7c9f65d0b43c3666dbe.jpg' @ error/convert.c/ConvertImageCommand/3258.

2020-01-01T15:22:26-08:00 ERR (3): ImageMagick failed with status code 1.
2020-01-01T15:22:26-08:00 WARN (4): Error output from ImageMagick:
convert: no decode delegate for this image format `' @ error/constitute.c/ReadImage/504.
convert: no images defined `/tmp/fullsize_e8e28a55d125d9ec7669e5ccee8ce774.jpg' @ error/convert.c/ConvertImageCommand/3258.

2020-01-01T15:22:26-08:00 ERR (3): ImageMagick failed with status code 1.
2020-01-01T15:22:27-08:00 WARN (4): Error output from ImageMagick:
convert: no decode delegate for this image format `' @ error/constitute.c/ReadImage/504.
convert: no images defined `/tmp/fullsize_35879c1a0918044e38a151bf99df54e7.jpg' @ error/convert.c/ConvertImageCommand/3258.

2020-01-01T15:22:27-08:00 ERR (3): ImageMagick failed with status code 1.
2020-01-01T15:22:27-08:00 WARN (4): Error output from ImageMagick:
convert: no decode delegate for this image format `' @ error/constitute.c/ReadImage/504.
convert: no images defined `/tmp/fullsize_7fa69c6ac0c0c59e3a563e0128b20d62.jpg' @ error/convert.c/ConvertImageCommand/3258.

2020-01-01T15:22:27-08:00 ERR (3): ImageMagick failed with status code 1.
2020-01-01T15:22:27-08:00 WARN (4): Error output from ImageMagick:
convert: no decode delegate for this image format `' @ error/constitute.c/ReadImage/504.
convert: no images defined `/tmp/fullsize_d8dc9163d8b0092de54aa05c779ba7f6.jpg' @ error/convert.c/ConvertImageCommand/3258.

2020-01-01T15:22:27-08:00 ERR (3): ImageMagick failed with status code 1.
2020-01-01T15:22:28-08:00 WARN (4): Error output from ImageMagick:
convert: no decode delegate for this image format `' @ error/constitute.c/ReadImage/504.
convert: no images defined `/tmp/fullsize_1024d9fb232b08205ae24074336174c8.jpg' @ error/convert.c/ConvertImageCommand/3258.

2020-01-01T15:22:28-08:00 ERR (3): ImageMagick failed with status code 1.
2020-01-01T15:22:28-08:00 WARN (4): Error output from ImageMagick:
convert: no decode delegate for this image format `' @ error/constitute.c/ReadImage/504.
convert: no images defined `/tmp/fullsize_3e2640748a23f2a073f84aaaec496956.jpg' @ error/convert.c/ConvertImageCommand/3258.

2020-01-01T15:22:28-08:00 ERR (3): ImageMagick failed with status code 1.
2020-01-01T15:22:29-08:00 WARN (4): Error output from ImageMagick:
convert: no decode delegate for this image format `' @ error/constitute.c/ReadImage/504.
convert: no images defined `/tmp/fullsize_70efff718344851611555db349d1b16b.jpg' @ error/convert.c/ConvertImageCommand/3258.

2020-01-01T15:22:29-08:00 ERR (3): ImageMagick failed with status code 1.
2020-01-01T15:22:29-08:00 WARN (4): Error output from ImageMagick:
convert: no decode delegate for this image format `' @ error/constitute.c/ReadImage/504.
convert: no images defined `/tmp/fullsize_71ce41a3c4fccbb8a7bbdd09134c52e3.jpg' @ error/convert.c/ConvertImageCommand/3258.

2020-01-01T15:22:29-08:00 ERR (3): ImageMagick failed with status code 1.
2020-01-01T15:22:30-08:00 WARN (4): Error output from ImageMagick:
convert: no decode delegate for this image format `' @ error/constitute.c/ReadImage/504.
convert: no images defined `/tmp/fullsize_f3f7114ba0326e4f760c0a940553d0a5.jpg' @ error/convert.c/ConvertImageCommand/3258.

2020-01-01T15:22:30-08:00 ERR (3): ImageMagick failed with status code 1.
2020-01-01T15:22:30-08:00 WARN (4): Error output from ImageMagick:
convert: no decode delegate for this image format `' @ error/constitute.c/ReadImage/504.
convert: no images defined `/tmp/fullsize_36e727fd9253c2c77c5f2a0e9a5a87a9.jpg' @ error/convert.c/ConvertImageCommand/3258.

2020-01-01T15:22:30-08:00 ERR (3): ImageMagick failed with status code 1.
2020-01-01T15:22:31-08:00 WARN (4): Error output from ImageMagick:
convert: no decode delegate for this image format `' @ error/constitute.c/ReadImage/504.
convert: no images defined `/tmp/fullsize_9dddbdbb41b7f494cacdc2f4a530a4ae.jpg' @ error/convert.c/ConvertImageCommand/3258.

2020-01-01T15:22:31-08:00 ERR (3): ImageMagick failed with status code 1.
2020-01-01T15:22:31-08:00 WARN (4): Error output from ImageMagick:
convert: no decode delegate for this image format `' @ error/constitute.c/ReadImage/504.
convert: no images defined `/tmp/fullsize_669a0ab5f18236a2348013ae8c536550.jpg' @ error/convert.c/ConvertImageCommand/3258.

2020-01-01T15:22:31-08:00 ERR (3): ImageMagick failed with status code 1.
2020-01-01T15:22:31-08:00 WARN (4): Error output from ImageMagick:
convert: no decode delegate for this image format `' @ error/constitute.c/ReadImage/504.
convert: no images defined `/tmp/fullsize_173e16c948911cbedf88bb4ff1dbd656.jpg' @ error/convert.c/ConvertImageCommand/3258.

2020-01-01T15:22:31-08:00 ERR (3): ImageMagick failed with status code 1.
2020-01-01T15:22:32-08:00 WARN (4): Error output from ImageMagick:
convert: no decode delegate for this image format `' @ error/constitute.c/ReadImage/504.
convert: no images defined `/tmp/fullsize_500c2ec9768d70272f27f75f016b5adb.jpg' @ error/convert.c/ConvertImageCommand/3258.

2020-01-01T15:22:32-08:00 ERR (3): ImageMagick failed with status code 1.
2020-01-01T15:22:32-08:00 WARN (4): Error output from ImageMagick:
convert: no decode delegate for this image format `' @ error/constitute.c/ReadImage/504.
convert: no images defined `/tmp/fullsize_b7015628e1f365ab202bf0cc0d333c37.jpg' @ error/convert.c/ConvertImageCommand/3258.

2020-01-01T15:22:32-08:00 ERR (3): ImageMagick failed with status code 1.
2020-01-01T15:22:33-08:00 WARN (4): Error output from ImageMagick:
convert: no decode delegate for this image format `' @ error/constitute.c/ReadImage/504.
convert: no images defined `/tmp/fullsize_daf258fc8e0c175fe8947865b7e776e7.jpg' @ error/convert.c/ConvertImageCommand/3258.

2020-01-01T15:22:33-08:00 ERR (3): ImageMagick failed with status code 1.
2020-01-01T15:22:33-08:00 WARN (4): Error output from ImageMagick:
convert: no decode delegate for this image format `' @ error/constitute.c/ReadImage/504.
convert: no images defined `/tmp/fullsize_81805f9927a36e2a53a5c72b678e94cd.jpg' @ error/convert.c/ConvertImageCommand/3258.

2020-01-01T15:22:33-08:00 ERR (3): ImageMagick failed with status code 1.
2020-01-01T15:22:34-08:00 WARN (4): Error output from ImageMagick:
convert: no decode delegate for this image format `' @ error/constitute.c/ReadImage/504.
convert: no images defined `/tmp/fullsize_ef0703d1a08e467967e33fb0223fdedc.jpg' @ error/convert.c/ConvertImageCommand/3258.

2020-01-01T15:22:34-08:00 ERR (3): ImageMagick failed with status code 1.
2020-01-01T15:22:34-08:00 WARN (4): Error output from ImageMagick:
convert: no decode delegate for this image format `' @ error/constitute.c/ReadImage/504.
convert: no images defined `/tmp/fullsize_141e13574f9a9e3b5db77d938378ff55.jpg' @ error/convert.c/ConvertImageCommand/3258.

2020-01-01T15:22:34-08:00 ERR (3): ImageMagick failed with status code 1.
2020-01-01T15:22:34-08:00 WARN (4): Error output from ImageMagick:
convert: no decode delegate for this image format `' @ error/constitute.c/ReadImage/504.
convert: no images defined `/tmp/fullsize_a8f53fd760dc66fa1d2790321facf21b.jpg' @ error/convert.c/ConvertImageCommand/3258.

2020-01-01T15:22:34-08:00 ERR (3): ImageMagick failed with status code 1.
2020-01-01T15:22:35-08:00 WARN (4): Error output from ImageMagick:
convert: no decode delegate for this image format `' @ error/constitute.c/ReadImage/504.
convert: no images defined `/tmp/fullsize_2620ab654d2e82c1dc4f3071a16abf11.jpg' @ error/convert.c/ConvertImageCommand/3258.

2020-01-01T15:22:35-08:00 ERR (3): ImageMagick failed with status code 1.
2020-01-01T15:22:35-08:00 WARN (4): Error output from ImageMagick:
convert: no decode delegate for this image format `' @ error/constitute.c/ReadImage/504.
convert: no images defined `/tmp/fullsize_79bbc957176545b25c0a73a2085d765e.jpg' @ error/convert.c/ConvertImageCommand/3258.

2020-01-01T15:22:35-08:00 ERR (3): ImageMagick failed with status code 1.
2020-01-01T15:22:36-08:00 WARN (4): Error output from ImageMagick:
convert: no decode delegate for this image format `' @ error/constitute.c/ReadImage/504.
convert: no images defined `/tmp/fullsize_cd3a777997ceeb9a209b84bfd0ae7f86.jpg' @ error/convert.c/ConvertImageCommand/3258.

2020-01-01T15:22:36-08:00 ERR (3): ImageMagick failed with status code 1.
2020-01-01T15:22:36-08:00 WARN (4): Error output from ImageMagick:
convert: no decode delegate for this image format `' @ error/constitute.c/ReadImage/504.
convert: no images defined `/tmp/fullsize_ad8dd90cf54d0470d3adfa51b60b7a30.jpg' @ error/convert.c/ConvertImageCommand/3258.

2020-01-01T15:22:36-08:00 ERR (3): ImageMagick failed with status code 1.
2020-01-01T15:22:36-08:00 WARN (4): Error output from ImageMagick:
convert: no decode delegate for this image format `' @ error/constitute.c/ReadImage/504.
convert: no images defined `/tmp/fullsize_0f49af135b4eefff614960544b67be48.jpg' @ error/convert.c/ConvertImageCommand/3258.

2020-01-01T15:22:36-08:00 ERR (3): ImageMagick failed with status code 1.
2020-01-01T15:22:37-08:00 WARN (4): Error output from ImageMagick:
convert: no decode delegate for this image format `' @ error/constitute.c/ReadImage/504.
convert: no images defined `/tmp/fullsize_b04f7b915d3c5705d410b1608d1d9a23.jpg' @ error/convert.c/ConvertImageCommand/3258.

2020-01-01T15:22:37-08:00 ERR (3): ImageMagick failed with status code 1.
2020-01-01T15:22:38-08:00 WARN (4): Error output from ImageMagick:
convert: no decode delegate for this image format `' @ error/constitute.c/ReadImage/504.
convert: no images defined `/tmp/fullsize_d5b94f94f1a066c76f10ef4f71c96fd0.jpg' @ error/convert.c/ConvertImageCommand/3258.

2020-01-01T15:22:38-08:00 ERR (3): ImageMagick failed with status code 1.
2020-01-01T15:22:38-08:00 WARN (4): Error output from ImageMagick:
convert: no decode delegate for this image format `' @ error/constitute.c/ReadImage/504.
convert: no images defined `/tmp/fullsize_063925cdeb55e4b5d809e5e9814e42c3.jpg' @ error/convert.c/ConvertImageCommand/3258.

2020-01-01T15:22:38-08:00 ERR (3): ImageMagick failed with status code 1.
2020-01-01T15:22:38-08:00 WARN (4): Error output from ImageMagick:
convert: no decode delegate for this image format `' @ error/constitute.c/ReadImage/504.
convert: no images defined `/tmp/fullsize_04a9d032f9a2d661037c1bcf77366f97.jpg' @ error/convert.c/ConvertImageCommand/3258.

2020-01-01T15:22:38-08:00 ERR (3): ImageMagick failed with status code 1.
2020-01-01T15:22:39-08:00 WARN (4): Error output from ImageMagick:
convert: no decode delegate for this image format `' @ error/constitute.c/ReadImage/504.
convert: no images defined `/tmp/fullsize_e87373ae61f355496564420fb94408b5.jpg' @ error/convert.c/ConvertImageCommand/3258.

2020-01-01T15:22:39-08:00 ERR (3): ImageMagick failed with status code 1.
2020-01-01T15:22:39-08:00 WARN (4): Error output from ImageMagick:
convert: no decode delegate for this image format `' @ error/constitute.c/ReadImage/504.
convert: no images defined `/tmp/fullsize_89ace7e21fac981d19a693aa954a9954.jpg' @ error/convert.c/ConvertImageCommand/3258.

2020-01-01T15:22:39-08:00 ERR (3): ImageMagick failed with status code 1.
2020-01-01T15:22:40-08:00 WARN (4): Error output from ImageMagick:
convert: no decode delegate for this image format `' @ error/constitute.c/ReadImage/504.
convert: no images defined `/tmp/fullsize_c99381fa7cca7503e20d0b7ef24d6aad.jpg' @ error/convert.c/ConvertImageCommand/3258.

2020-01-01T15:22:40-08:00 ERR (3): ImageMagick failed with status code 1.
2020-01-01T15:22:41-08:00 WARN (4): Error output from ImageMagick:
convert: no decode delegate for this image format `' @ error/constitute.c/ReadImage/504.
convert: no images defined `/tmp/fullsize_35581596338200e85770278501419b94.jpg' @ error/convert.c/ConvertImageCommand/3258.

2020-01-01T15:22:41-08:00 ERR (3): ImageMagick failed with status code 1.
2020-01-01T15:22:41-08:00 WARN (4): Error output from ImageMagick:
convert: no decode delegate for this image format `' @ error/constitute.c/ReadImage/504.
convert: no images defined `/tmp/fullsize_0d191aa32057c3403c66c860a3212c49.jpg' @ error/convert.c/ConvertImageCommand/3258.

2020-01-01T15:22:41-08:00 ERR (3): ImageMagick failed with status code 1.
2020-01-01T15:22:41-08:00 WARN (4): Error output from ImageMagick:
convert: no decode delegate for this image format `' @ error/constitute.c/ReadImage/504.
convert: no images defined `/tmp/fullsize_73cd54c2ac4c9978ca568ace101ec7e8.jpg' @ error/convert.c/ConvertImageCommand/3258.

2020-01-01T15:22:41-08:00 ERR (3): ImageMagick failed with status code 1.
2020-01-01T15:22:42-08:00 WARN (4): Error output from ImageMagick:
convert: no decode delegate for this image format `' @ error/constitute.c/ReadImage/504.
convert: no images defined `/tmp/fullsize_f191f52b38c58a6fa654e375f36606c4.jpg' @ error/convert.c/ConvertImageCommand/3258.

2020-01-01T15:22:42-08:00 ERR (3): ImageMagick failed with status code 1.
2020-01-01T15:22:42-08:00 WARN (4): Error output from ImageMagick:
convert: no decode delegate for this image format `' @ error/constitute.c/ReadImage/504.
convert: no images defined `/tmp/fullsize_4ebb34ba744fe00451e06f006b4b5d59.jpg' @ error/convert.c/ConvertImageCommand/3258.

2020-01-01T15:22:42-08:00 ERR (3): ImageMagick failed with status code 1.
2020-01-01T15:22:43-08:00 WARN (4): Error output from ImageMagick:
convert: no decode delegate for this image format `' @ error/constitute.c/ReadImage/504.
convert: no images defined `/tmp/fullsize_5714b026e463f3c1998cc248670486a2.jpg' @ error/convert.c/ConvertImageCommand/3258.

2020-01-01T15:22:43-08:00 ERR (3): ImageMagick failed with status code 1.
2020-01-01T15:22:43-08:00 WARN (4): Error output from ImageMagick:
convert: no decode delegate for this image format `' @ error/constitute.c/ReadImage/504.
convert: no images defined `/tmp/fullsize_ef8fd0eb46ad12835ed119983eb7def2.jpg' @ error/convert.c/ConvertImageCommand/3258.

2020-01-01T15:22:43-08:00 ERR (3): ImageMagick failed with status code 1.
2020-01-01T15:22:44-08:00 WARN (4): Error output from ImageMagick:
convert: no decode delegate for this image format `' @ error/constitute.c/ReadImage/504.
convert: no images defined `/tmp/fullsize_aa96d4a695c91e0c93c39f5acde95175.jpg' @ error/convert.c/ConvertImageCommand/3258.

2020-01-01T15:22:44-08:00 ERR (3): ImageMagick failed with status code 1.
2020-01-01T15:22:44-08:00 WARN (4): Error output from ImageMagick:
convert: no decode delegate for this image format `' @ error/constitute.c/ReadImage/504.
convert: no images defined `/tmp/fullsize_e2d9e52ed3e2aad33bd9413afddc183a.jpg' @ error/convert.c/ConvertImageCommand/3258.

2020-01-01T15:22:44-08:00 ERR (3): ImageMagick failed with status code 1.
2020-01-01T15:22:45-08:00 WARN (4): Error output from ImageMagick:
convert: no decode delegate for this image format `' @ error/constitute.c/ReadImage/504.
convert: no images defined `/tmp/fullsize_d81ac50e331b244fef9155d123022927.jpg' @ error/convert.c/ConvertImageCommand/3258.

2020-01-01T15:22:45-08:00 ERR (3): ImageMagick failed with status code 1.
2020-01-01T15:22:45-08:00 WARN (4): Error output from ImageMagick:
convert: no decode delegate for this image format `' @ error/constitute.c/ReadImage/504.
convert: no images defined `/tmp/fullsize_7bd26e3c568bc67370fe73507869c4c6.jpg' @ error/convert.c/ConvertImageCommand/3258.

2020-01-01T15:22:45-08:00 ERR (3): ImageMagick failed with status code 1.
2020-01-01T15:22:46-08:00 WARN (4): Error output from ImageMagick:
convert: no decode delegate for this image format `' @ error/constitute.c/ReadImage/504.
convert: no images defined `/tmp/fullsize_5196114ec8135ba3b2da4ca79c1c8298.jpg' @ error/convert.c/ConvertImageCommand/3258.

2020-01-01T15:22:46-08:00 ERR (3): ImageMagick failed with status code 1.
2020-01-01T15:22:46-08:00 WARN (4): Error output from ImageMagick:
convert: no decode delegate for this image format `' @ error/constitute.c/ReadImage/504.
convert: no images defined `/tmp/fullsize_927fa3b5aebfad8c4b14210a3076760a.jpg' @ error/convert.c/ConvertImageCommand/3258.

2020-01-01T15:22:46-08:00 ERR (3): ImageMagick failed with status code 1.
2020-01-01T15:22:47-08:00 WARN (4): Error output from ImageMagick:
convert: no decode delegate for this image format `' @ error/constitute.c/ReadImage/504.
convert: no images defined `/tmp/fullsize_ea2ac4a324e18fec06ae73d0217f6899.jpg' @ error/convert.c/ConvertImageCommand/3258.

2020-01-01T15:22:47-08:00 ERR (3): ImageMagick failed with status code 1.
2020-01-01T15:22:47-08:00 WARN (4): Error output from ImageMagick:
convert: no decode delegate for this image format `' @ error/constitute.c/ReadImage/504.
convert: no images defined `/tmp/fullsize_4fb109121f6c8fcb90079d467a2716c3.jpg' @ error/convert.c/ConvertImageCommand/3258.

2020-01-01T15:22:47-08:00 ERR (3): ImageMagick failed with status code 1.
2020-01-01T15:22:47-08:00 WARN (4): Error output from ImageMagick:
convert: no decode delegate for this image format `' @ error/constitute.c/ReadImage/504.
convert: no images defined `/tmp/fullsize_00e45f367fb44c8546bc5c2d17b704dd.jpg' @ error/convert.c/ConvertImageCommand/3258.

2020-01-01T15:22:47-08:00 ERR (3): ImageMagick failed with status code 1.
2020-01-01T15:22:48-08:00 WARN (4): Error output from ImageMagick:
convert: no decode delegate for this image format `' @ error/constitute.c/ReadImage/504.
convert: no images defined `/tmp/fullsize_b7fec005b1d3f36aaf52704d4389bc91.jpg' @ error/convert.c/ConvertImageCommand/3258.

2020-01-01T15:22:48-08:00 ERR (3): ImageMagick failed with status code 1.
2020-01-01T15:22:48-08:00 WARN (4): Error output from ImageMagick:
convert: no decode delegate for this image format `' @ error/constitute.c/ReadImage/504.
convert: no images defined `/tmp/fullsize_aa65d19b0b26e797378d6250c8977d49.jpg' @ error/convert.c/ConvertImageCommand/3258.

2020-01-01T15:22:48-08:00 ERR (3): ImageMagick failed with status code 1.
2020-01-01T15:22:49-08:00 WARN (4): Error output from ImageMagick:
convert: no decode delegate for this image format `' @ error/constitute.c/ReadImage/504.
convert: no images defined `/tmp/fullsize_dfe7b263f8d3c09ed7d421d89771ca44.jpg' @ error/convert.c/ConvertImageCommand/3258.

2020-01-01T15:22:49-08:00 ERR (3): ImageMagick failed with status code 1.
2020-01-01T15:22:49-08:00 WARN (4): Error output from ImageMagick:
convert: no decode delegate for this image format `' @ error/constitute.c/ReadImage/504.
convert: no images defined `/tmp/fullsize_6cc803ca147be81f8ddbe5dd41ab8a05.jpg' @ error/convert.c/ConvertImageCommand/3258.

2020-01-01T15:22:49-08:00 ERR (3): ImageMagick failed with status code 1.
2020-01-01T15:22:50-08:00 WARN (4): Error output from ImageMagick:
convert: no decode delegate for this image format `' @ error/constitute.c/ReadImage/504.
convert: no images defined `/tmp/fullsize_49579c41ca4f28f743d1c7484d0d26de.jpg' @ error/convert.c/ConvertImageCommand/3258.

2020-01-01T15:22:50-08:00 ERR (3): ImageMagick failed with status code 1.
2020-01-01T15:22:50-08:00 WARN (4): Error output from ImageMagick:
convert: no decode delegate for this image format `' @ error/constitute.c/ReadImage/504.
convert: no images defined `/tmp/fullsize_ecc960d518acc3b2f43e06af82347093.jpg' @ error/convert.c/ConvertImageCommand/3258.

2020-01-01T15:22:50-08:00 ERR (3): ImageMagick failed with status code 1.
2020-01-01T15:22:51-08:00 WARN (4): Error output from ImageMagick:
convert: no decode delegate for this image format `' @ error/constitute.c/ReadImage/504.
convert: no images defined `/tmp/fullsize_798f78d02fcc358cc1ea8cfd85a9d46f.jpg' @ error/convert.c/ConvertImageCommand/3258.

2020-01-01T15:22:51-08:00 ERR (3): ImageMagick failed with status code 1.
2020-01-01T15:22:51-08:00 WARN (4): Error output from ImageMagick:
convert: no decode delegate for this image format `' @ error/constitute.c/ReadImage/504.
convert: no images defined `/tmp/fullsize_c397c4010ded20d88dc1e42e631615bf.jpg' @ error/convert.c/ConvertImageCommand/3258.

2020-01-01T15:22:51-08:00 ERR (3): ImageMagick failed with status code 1.
2020-01-01T15:22:51-08:00 WARN (4): Error output from ImageMagick:
convert: no decode delegate for this image format `' @ error/constitute.c/ReadImage/504.
convert: no images defined `/tmp/fullsize_501b08b1e9e9f725ca47f77a5c736db1.jpg' @ error/convert.c/ConvertImageCommand/3258.

2020-01-01T15:22:51-08:00 ERR (3): ImageMagick failed with status code 1.
2020-01-01T15:22:52-08:00 WARN (4): Error output from ImageMagick:
convert: no decode delegate for this image format `' @ error/constitute.c/ReadImage/504.
convert: no images defined `/tmp/fullsize_0555480cb6061efe0918a8b3a89ad034.jpg' @ error/convert.c/ConvertImageCommand/3258.

2020-01-01T15:22:52-08:00 ERR (3): ImageMagick failed with status code 1.
2020-01-01T15:22:52-08:00 WARN (4): Error output from ImageMagick:
convert: no decode delegate for this image format `' @ error/constitute.c/ReadImage/504.
convert: no images defined `/tmp/fullsize_d73bcdc8fd6cbd4c4e7c7974774004f7.jpg' @ error/convert.c/ConvertImageCommand/3258.

2020-01-01T15:22:52-08:00 ERR (3): ImageMagick failed with status code 1.
2020-01-01T15:22:53-08:00 WARN (4): Error output from ImageMagick:
convert: no decode delegate for this image format `' @ error/constitute.c/ReadImage/504.
convert: no images defined `/tmp/fullsize_cad23422beca2dacb9f2d3a66e906c9b.jpg' @ error/convert.c/ConvertImageCommand/3258.

2020-01-01T15:22:53-08:00 ERR (3): ImageMagick failed with status code 1.
2020-01-01T15:22:53-08:00 WARN (4): Error output from ImageMagick:
convert: no decode delegate for this image format `' @ error/constitute.c/ReadImage/504.
convert: no images defined `/tmp/fullsize_2401c979559bd61a9a3cdb29206b04f9.jpg' @ error/convert.c/ConvertImageCommand/3258.

2020-01-01T15:22:53-08:00 ERR (3): ImageMagick failed with status code 1.
2020-01-01T15:22:53-08:00 WARN (4): Error output from ImageMagick:
convert: no decode delegate for this image format `' @ error/constitute.c/ReadImage/504.
convert: no images defined `/tmp/fullsize_adb5a2edbff0b08881ac425e3af78362.jpg' @ error/convert.c/ConvertImageCommand/3258.

2020-01-01T15:22:53-08:00 ERR (3): ImageMagick failed with status code 1.
2020-01-01T15:22:54-08:00 WARN (4): Error output from ImageMagick:
convert: no decode delegate for this image format `' @ error/constitute.c/ReadImage/504.
convert: no images defined `/tmp/fullsize_cb047a36730847c9e270d464610e4cc3.jpg' @ error/convert.c/ConvertImageCommand/3258.

2020-01-01T15:22:54-08:00 ERR (3): ImageMagick failed with status code 1.
2020-01-01T15:22:54-08:00 WARN (4): Error output from ImageMagick:
convert: no decode delegate for this image format `' @ error/constitute.c/ReadImage/504.
convert: no images defined `/tmp/fullsize_84e46a60a12b51c790329dd49b88a608.jpg' @ error/convert.c/ConvertImageCommand/3258.

2020-01-01T15:22:54-08:00 ERR (3): ImageMagick failed with status code 1.
2020-01-01T15:22:54-08:00 WARN (4): Error output from ImageMagick:
convert: no decode delegate for this image format `' @ error/constitute.c/ReadImage/504.
convert: no images defined `/tmp/fullsize_b81ee49f1894a077be89ca9f47272a29.jpg' @ error/convert.c/ConvertImageCommand/3258.

2020-01-01T15:22:54-08:00 ERR (3): ImageMagick failed with status code 1.
2020-01-01T15:22:55-08:00 WARN (4): Error output from ImageMagick:
convert: no decode delegate for this image format `' @ error/constitute.c/ReadImage/504.
convert: no images defined `/tmp/fullsize_5cfe6f74bdab020cf3be506222ef41f8.jpg' @ error/convert.c/ConvertImageCommand/3258.

2020-01-01T15:22:55-08:00 ERR (3): ImageMagick failed with status code 1.
2020-01-01T15:22:55-08:00 WARN (4): Error output from ImageMagick:
convert: no decode delegate for this image format `' @ error/constitute.c/ReadImage/504.
convert: no images defined `/tmp/fullsize_586778abfb9cdc2f7bf910137c5b2233.jpg' @ error/convert.c/ConvertImageCommand/3258.

2020-01-01T15:22:55-08:00 ERR (3): ImageMagick failed with status code 1.
2020-01-01T15:22:56-08:00 WARN (4): Error output from ImageMagick:
convert: no decode delegate for this image format `' @ error/constitute.c/ReadImage/504.
convert: no images defined `/tmp/fullsize_7a4d9d1a2730eb23dd6e17f3e2b80480.jpg' @ error/convert.c/ConvertImageCommand/3258.

2020-01-01T15:22:56-08:00 ERR (3): ImageMagick failed with status code 1.
2020-01-01T15:22:56-08:00 WARN (4): Error output from ImageMagick:
convert: no decode delegate for this image format `' @ error/constitute.c/ReadImage/504.
convert: no images defined `/tmp/fullsize_3e284da2ae0cc192be083581fd2a3b7d.jpg' @ error/convert.c/ConvertImageCommand/3258.

2020-01-01T15:22:56-08:00 ERR (3): ImageMagick failed with status code 1.
2020-01-01T15:22:57-08:00 WARN (4): Error output from ImageMagick:
convert: no decode delegate for this image format `' @ error/constitute.c/ReadImage/504.
convert: no images defined `/tmp/fullsize_a04c64d5389973ae23706558d77b97ff.jpg' @ error/convert.c/ConvertImageCommand/3258.

2020-01-01T15:22:57-08:00 ERR (3): ImageMagick failed with status code 1.
2020-01-01T15:22:57-08:00 WARN (4): Error output from ImageMagick:
convert: no decode delegate for this image format `' @ error/constitute.c/ReadImage/504.
convert: no images defined `/tmp/fullsize_15c2cad0ed1603b621775f9a061c89e8.jpg' @ error/convert.c/ConvertImageCommand/3258.

2020-01-01T15:22:57-08:00 ERR (3): ImageMagick failed with status code 1.
2020-01-01T15:22:57-08:00 WARN (4): Error output from ImageMagick:
convert: no decode delegate for this image format `' @ error/constitute.c/ReadImage/504.
convert: no images defined `/tmp/fullsize_eb7fd6d9e880a4bc6ff80234a769fc25.jpg' @ error/convert.c/ConvertImageCommand/3258.

2020-01-01T15:22:57-08:00 ERR (3): ImageMagick failed with status code 1.
2020-01-01T15:22:58-08:00 WARN (4): Error output from ImageMagick:
convert: no decode delegate for this image format `' @ error/constitute.c/ReadImage/504.
convert: no images defined `/tmp/fullsize_64e5f48f5029d778689e1dce07113037.jpg' @ error/convert.c/ConvertImageCommand/3258.

2020-01-01T15:22:58-08:00 ERR (3): ImageMagick failed with status code 1.
2020-01-01T15:22:58-08:00 WARN (4): Error output from ImageMagick:
convert: no decode delegate for this image format `' @ error/constitute.c/ReadImage/504.
convert: no images defined `/tmp/fullsize_619c7091091976b280a8fddb2285f08d.jpg' @ error/convert.c/ConvertImageCommand/3258.

2020-01-01T15:22:58-08:00 ERR (3): ImageMagick failed with status code 1.
2020-01-01T15:22:59-08:00 WARN (4): Error output from ImageMagick:
convert: no decode delegate for this image format `' @ error/constitute.c/ReadImage/504.
convert: no images defined `/tmp/fullsize_6705218751dd04183d7d4cb2241a06aa.jpg' @ error/convert.c/ConvertImageCommand/3258.

2020-01-01T15:22:59-08:00 ERR (3): ImageMagick failed with status code 1.
